{"event": "start", "name": "mini-tc0-threshold-circuits", "time": 1781516950.1526732}
{"event": "round_start", "round": 1, "before": 605, "time": 1781516950.1548557}
{"event": "round_end", "round": 1, "after": 1010, "delta": 405, "exit": -1, "time": 1781517249.0481944}
{"event": "round_start", "round": 2, "before": 1010, "time": 1781517249.050131}
## Assessment of `mini-tc0-threshold-circuits`

I've now read everything in this module. Here's the clear picture:

---

### ‚ĚĆ **INCOMPLETE** ‚ÄĒ Multiple Hard Failures

| Criterion | Requirement | Actual | Status |
|-----------|------------|--------|--------|
| **Lines (include/ + src/)** | ‚Č• 3,000 | **1,012** | ‚ĚĆ |
| **Header ‚ÜĒ Source match** | API in .h has implementation in .c | **Mismatched** ‚ÄĒ header uses `TC0Circuit`/`TC0Gate`, source uses `TCCircuit`/`TCGate` | ‚ĚĆ |
| **Lean theorems** | No `by trivial` on non-trivial props | All 4 theorems use `by trivial` | ‚ĚĆ |
| **Tests** | Real assert-based tests, no stubs | `printf("[PASS]\n"); return 0;` | ‚ĚĆ |
| **Examples** | ‚Č•3 end-to-end, >30 lines each | 1 trivial `demo.c` (2 lines) | ‚ĚĆ |
| **Docs** | 5 required .md files | **0 exist** | ‚ĚĆ |
| **Makefile** | `make test` passes | Compiles to .o only, no test target | ‚ĚĆ |

### Core Structural Problem

The **header (`tc0.h`)** is actually solid ‚ÄĒ well-designed structs, proper enums, 450 lines of thoughtful API declarations. But the **source (`tc0.c`)** is completely disconnected from it. It looks like the source was a prototype with a simpler API (`tc_create`/`TCType`) that was never aligned to the header's API (`tc0_circuit_create`/`TC0GateType`). Worse, `tc0.c` appears to be a concatenation of multiple files (visible `ÔĽŅ` BOM separators at lines 183, 188, 207, 220, 339, 385, 418, 484) ‚ÄĒ some with duplicate `bitonic_sort`/`bitonic_merge` implementations.

---

Shall I proceed to rebuild this module to meet the SKILL.md standard? The plan would be:

1. **Rebuild `src/tc0.c`** to actually implement the header's API (circuit lifecycle, gate operations, evaluation, analysis, printing, DOT export)
2. **Split the concatenated implementations** into proper separate files (`src/tc0_adder.c`, `src/tc0_multiply.c`, `src/tc0_division.c`, `src/tc0_neural.c`, `src/tc0_search.c`)
3. **Write real tests** in `tests/test_all.c` with actual assertions
4. **Write ‚Č•3 real examples** (>30 lines, end-to-end)
5. **Replace Lean** with genuine theorem statements and proofs
6. **Create all 5 docs files**
7. **Fix the Makefile** to actually build and test
8. **Hit ‚Č•3,000 lines** naturally from real implementation
{"event": "round_end", "round": 2, "after": 449, "delta": -561, "exit": 0, "time": 1781517297.0588515}
{"event": "done", "lines": 449, "readme": false, "time": 1781517297.0604606}
