{"event": "start", "name": "mini-natural-proofs-barrier", "time": 1781516950.1453848}
{"event": "round_start", "round": 1, "before": 488, "time": 1781516950.1471543}
{"event": "round_end", "round": 1, "after": 921, "delta": 433, "exit": -1, "time": 1781517249.0325866}
{"event": "round_start", "round": 2, "before": 921, "time": 1781517249.0346048}
The file `F:/nano-everything/mini-theory-of-computation/SKILL.md` has been read. It is the **GOLD SKILL** specification document for the **Mini-Theory-of-Computation** project. Here is a summary of its key contents:

---

### Core Philosophy
- **Dual Standard**: Every submodule must pass **both** a ≥3,000 line code threshold (include/ + src/) **and** satisfy nine-layer knowledge coverage.
- **Code is a knowledge carrier** — one knowledge point → one natural implementation → one test → one example.

### Nine-Level Knowledge System (L1–L9)
| Level | Name | Requirement |
|-------|------|-------------|
| L1 | Definitions | Complete |
| L2 | Core Concepts | Complete |
| L3 | Mathematical Structures | Complete |
| L4 | Fundamental Laws/Theorems | Complete |
| L5 | Algorithms/Methods | Complete |
| L6 | Canonical Problems | Complete |
| L7 | Applications | Partial+ |
| L8 | Advanced Topics | Partial+ |
| L9 | Research Frontiers | Partial |

### Nine-School Curriculum Alignment
Aligns with graduate-level complexity theory courses from **MIT, Stanford, Berkeley, CMU, Princeton, Caltech, Cambridge, Oxford, and ETH**.

### Submodule Structure
Each `mini-xxx/` module requires: `Makefile`, `README.md`, `include/` (≥4 headers), `src/` (≥4 C files + ≥1 Lean 4 formalization), `tests/`, `examples/` (≥3), `demos/`, `benches/`, `docs/` (5 knowledge documents).

### Strict Prohibitions
- **Anti-Filler Iron Law**: No mass-generated function stubs, no `_fn1.._fnN` patterns, no copy-pasted Lean blocks, no `by trivial` on non-trivial propositions.
- Zero tolerance for placeholders, stubs, empty files, or undocumented code.

### Audit & Safety Review
Mandatory grep-based scans for filler patterns, stub detection, empty files, and knowledge document completeness before any `COMPLETE` declaration.

---

What would you like me to do next? Audit a specific submodule, check the current project state, or something else?
{"event": "round_end", "round": 2, "after": 1133, "delta": 212, "exit": 0, "time": 1781517266.982596}
{"event": "done", "lines": 1133, "readme": false, "time": 1781517266.9849403}
