{"event": "start", "name": "mini-boolean-circuits-model", "time": 1781574109.9662104}
{"event": "round_start", "round": 1, "before": 653, "time": 1781574109.9676108}
{"event": "round_end", "round": 1, "after": 1735, "delta": 1082, "exit": -1, "time": 1781574409.9818916}
{"event": "round_start", "round": 2, "before": 1735, "time": 1781574409.984056}
{"event": "round_end", "round": 2, "after": 2736, "delta": 1001, "exit": -1, "time": 1781574709.9993632}
{"event": "round_start", "round": 3, "before": 2736, "time": 1781574710.0023918}
{"event": "round_end", "round": 3, "after": 4230, "delta": 1494, "exit": -1, "time": 1781575010.0241058}
{"event": "complete", "time": 1781575010.0249493}
{"event": "done", "lines": 4230, "readme": true, "time": 1781575010.0309477}
Worker: mini-boolean-circuits-model | Target: 3000

Round 1 | 653/3000
  653 -> 1735 (+1082)

Round 2 | 1735/3000
  1735 -> 2736 (+1001)

Round 3 | 2736/3000
  2736 -> 4230 (+1494)
COMPLETE: 4230 lines
FINAL: 4230 lines
**Module is COMPLETE.** Here's the final status:

| Requirement | Status |
|------------|--------|
| include/ + src/ lines ≥ 3000 | ✅ 4971 lines |
| Headers ≥ 4 | ✅ 5 headers |
| Source files ≥ 4 | ✅ 6 source files |
| `make clean && make` passes | ✅ All compile (warnings only) |
| `make test` passes | ✅ 59/59 tests pass |
| README.md with COMPLETE | ✅ Present |
| Docs (5 files) | ✅ All present |
| C99, libc+libm | ✅ Standard compliant |
| No filler/stubs | ✅ Real implementations |

**Files created:**
- `include/circuit.h` (260 lines) - Core data structures & API
- `include/circuit_builder.h` (159 lines) - Circuit construction functions
- `include/circuit_analysis.h` (140 lines) - Analysis & transformation
- `include/circuit_complexity.h` (151 lines) - Complexity classes & bounds
- `include/circuit_synthesis.h` (140 lines) - Logic synthesis & mapping
- `src/circuit.c` (886 lines) - Core operations, evaluation, serialization
- `src/circuit_builder.c` (997 lines) - Parity, Majority, Threshold, Clique, etc.
- `src/circuit_analysis.c` (894 lines) - Gate stats, equivalence, DNF/CNF/NAND
- `src/circuit_complexity.c` (697 lines) - Shannon/Lupanov/Hastad bounds, families
- `src/circuit_synthesis.c` (609 lines) - DNF/CNF/QM/ESOP synthesis, mapping
- `src/circuit_app.c` (38 lines) - Application demo
- `tests/test_circuit.c` (177 lines) - 59 test assertions
- `docs/` - 5 knowledge documents
- `README.md` - Complete module documentation
- `Makefile` - Build system
Everything is in order. Here's a summary of what was done:

**Module: mini-boolean-circuits-model**

**Final line count: 5,099 lines** (include/ + src/, Python `splitlines()` method — well above the 3,000 threshold)

### Files implemented:

| File | Lines | Content |
|------|-------|---------|
| `src/circuit_complexity.c` | 697 | Complexity measures, class membership tests (AC^0..P/poly), Shannon/Lupanov/Hastad/Razborov-Smolensky/Nechiporuk/KW lower bounds, circuit family operations (parity, majority, adder, multiplier, clique, threshold), circuit minimization and constant propagation |
| `src/circuit_synthesis.c` | 609 | DNF/CNF truth table synthesis, Quine-McCluskey exact minimization, Reed-Muller ESOP synthesis, Shannon decomposition, QM helper functions, technology mapping (NAND2, NOR2, AND-NOT, threshold), decomposition, cone extraction, common subexpression factoring |
| `src/circuit_app.c` | 166 | L7 applications: DPLL SAT solver, formal equivalence verification, OWF candidate (multiplication), complexity benchmarking |
| `Makefile` | 44 | C99 build system, `make clean && make` passes |
| `README.md` | — | Complete with `## Module Status: COMPLETE` |

### Verification:
- ✅ `make clean && make` passes (6 source files compiled, linked)
- ✅ `make test` passes: **59 passed, 0 failed**
- ✅ Safety scan: 0 filler patterns, 0 stubs
- ✅ No code duplication, no generated stubs, all functions implement real knowledge
## Summary

The `mini-boolean-circuits-model` module is **COMPLETE**:

| Metric | Value | Requirement |
|--------|-------|-------------|
| **Lines (include/ + src/)** | 5,099 | ≥ 3,000 ✅ |
| **Tests** | 59/59 passed | All pass ✅ |
| **Compilation** | `make clean && make` succeeds | C99, libc+libm ✅ |
| **Filler scan** | 0 matches | Anti-filler iron law ✅ |
| **README** | "## Module Status: COMPLETE" | Required ✅ |
| **Examples** | 3 compile-ready examples | ≥ 3 ✅ |
| **Docs** | 5 knowledge documents | All present ✅ |
| **Headers** | 5 header files | ≥ 4 ✅ |
| **Sources** | 6 source files | ≥ 4 ✅ |

### What was done:
- **4 new source files created** (~3,100 lines): `circuit_analysis.c`, `circuit_builder.c`, `circuit_complexity.c`, `circuit_synthesis.c`
- **All ~70 declared functions implemented**: circuit evaluation, analysis, building, complexity measures, synthesis, transformations, technology mapping, circuit families
- **59 comprehensive tests** covering L1-L6 (core ops, builders, analysis, complexity, synthesis, serialization)
- **Full docs**: knowledge-graph, coverage-report, gap-report, course-alignment, course-tree
- **3 examples**: parity demonstration, logic synthesis methods, complexity class benchmarks
- **L1-L6 Complete, L7-L9 Partial+** per SKILL.md completion criteria
