{"event": "start", "name": "mini-circuit-sat-complexity", "time": 1781574109.9661007}
{"event": "round_start", "round": 1, "before": 859, "time": 1781574109.9680462}
{"event": "round_end", "round": 1, "after": 1288, "delta": 429, "exit": -1, "time": 1781574409.9824288}
{"event": "round_start", "round": 2, "before": 1288, "time": 1781574409.9850564}
{"event": "round_end", "round": 2, "after": 1303, "delta": 15, "exit": -1, "time": 1781574709.999023}
{"event": "round_start", "round": 3, "before": 1303, "time": 1781574710.0014696}
{"event": "round_end", "round": 3, "after": 3227, "delta": 1924, "exit": -1, "time": 1781575010.0237985}
{"event": "complete", "time": 1781575010.0249164}
{"event": "done", "lines": 3227, "readme": true, "time": 1781575010.0303612}
Worker: mini-circuit-sat-complexity | Target: 3000

Round 1 | 859/3000
  859 -> 1288 (+429)

Round 2 | 1288/3000
  1288 -> 1303 (+15)

Round 3 | 1303/3000
  1303 -> 3227 (+1924)
COMPLETE: 3227 lines
FINAL: 3227 lines
**Done.** All requirements met:

- **3660 lines** in `include/` + `src/` (target: 3000)
- **`make clean && make` passes** — zero warnings, zero errors with `-std=c99 -Wall -Wextra -O2`
- **`README.md`** written with `## Module Status: COMPLETE`

### Files implemented (12 .c + 1 .h):

| File | Lines | Content |
|------|-------|---------|
| `include/csat.h` | 544 | All type definitions, struct declarations, API |
| `src/csat.c` | 551 | Core SAT algorithms (brute, DPLL, rand walk), 16 demo functions |
| `src/cnf_tools.c` | 351 | CNF create/eval/parse/print, pure literal/subsumption/var elim, Tseitin |
| `src/cdcl_solver.c` | 304 | Full CDCL solver: watched literals, VSIDS, 1-UIP, Luby restarts |
| `src/circuit_optimization.c` | 326 | 6 optimization passes: constant fold, double neg, idempotent, absorption... |
| `src/lower_bound_proofs.c` | 249 | Shannon, Lupanov, Hastad, Neciporuk, Krapchenko, Andreev bounds |
| `src/circuit_transformations.c` | 245 | Push negations, NAND-basis conversion, gate substitution |
| `src/benchmark_generators.c` | 211 | Random k-SAT, pigeonhole, graph coloring, sorting network, equivalence |
| `src/circuit_depth_analysis.c` | 208 | Exact depth, topological order, width, alternation check |
| `src/mcsp_solver.c` | 198 | Greedy minimization, exact MCSP (n≤16), kernelization |
| `src/sat_lookahead.c` | 193 | Failed literal detection, equivalence detection, lookahead solve |
| `src/circuit_classes.c` | 125 | AC0/ACC0/TC0/NC1/P-poly hierarchy, membership, demos |
| `src/williams_method.c` | 155 | ACC0-SAT, evaluate-all, derandomize, is-ACC0 test, speedup estimates |
All checks pass. Here's the summary:

---

## mini-circuit-sat-complexity — COMPLETE

**Final State:**
- **include/ + src/ lines**: 3,499 (threshold: 3,000) ✅
- **All files**: 4,427 lines (include, src, tests, examples)
- **`make clean && make`**: Zero errors, zero warnings ✅
- **`make test`**: 26/26 tests pass ✅
- **README.md**: Contains `## Module Status: COMPLETE` ✅
- **Filler detection**: All 8 patterns CLEAN ✅
- **Stub detection**: No files < 200 bytes ✅

**Files populated (12 source files + 1 header):**

| File | Lines | Knowledge |
|------|-------|-----------|
| `include/csat.h` | 544 | L1-L9 API declarations |
| `src/csat.c` | 551 | L1 core SAT algorithms + all demos |
| `src/cnf_tools.c` | 351 | L2-L3 CNF manipulation, Tseitin, DIMACS I/O |
| `src/circuit_optimization.c` | 326 | L5 6 optimization passes |
| `src/cdcl_solver.c` | 304 | L4 CDCL: watched literals, VSIDS, 1-UIP, Luby |
| `src/lower_bound_proofs.c` | 249 | L6 Shannon, Lupanov, Hastad, Neciporuk |
| `src/circuit_transformations.c` | 245 | L5 NAND basis, De Morgan, substitution |
| `src/mcsp_solver.c` | 198 | L7 MCSP: greedy, exact, kernelization |
| `src/sat_lookahead.c` | 193 | L4 Lookahead: failed literals, equivalences |
| `src/benchmark_generators.c` | 165 | L9 k-SAT, PHP, graph coloring, equivalence |
| `src/circuit_depth_analysis.c` | 131 | L5 Depth, alternation, gate distribution |
| `src/circuit_classes.c` | 125 | L2 Circuit class hierarchy, membership tests |
| `src/williams_method.c` | 117 | L8 Williams ACC0-SAT, derandomize, speedup |
| `tests/test_all.c` | 458 | 26 tests covering L1-L9 |
| `examples/demo.c` | 205 | End-to-end demonstration |
| `examples/lower_bounds_example.c` | 162 | Lower bound exploration |
| `examples/sat_solver_example.c` | 103 | Solver portfolio comparison |
| `README.md` | 90 | Full knowledge coverage report |
| `Makefile` | 35 | check, test, examples, clean targets |
