{"event": "start", "name": "mini-ac0-nc-poly-hierarchy", "time": 1781516950.1214178}
{"event": "round_start", "round": 1, "before": 631, "time": 1781516950.1226616}
## Summary

You're working on the **`mini-ac0-nc-poly-hierarchy`** sub-module under the `mini-theory-of-computation` project. Here's the current state:

---

### Current Status: **INCOMPLETE** ⚠️ (Severely)

#### Line Count Check
| Directory | Lines |
|-----------|-------|
| `include/ac0nc.h` | 38 |
| `src/ac0_nc.c` | 593 |
| **Total (include/ + src/)** | **631** |
| **Required** | **≥ 3,000** |

> **631 / 3,000 — only 21% of the minimum.** Per §零, the module is automatically INCOMPLETE.

#### Structural Gaps

| Required | Current | Status |
|----------|---------|--------|
| `include/*.h` ≥ 4 files | 1 file (`ac0nc.h`) | ❌ |
| `src/*.c` ≥ 4 files | 1 file (`ac0_nc.c`) | ❌ |
| `README.md` | Missing entirely | ❌ |
| `docs/knowledge-graph.md` | Missing | ❌ |
| `docs/coverage-report.md` | Missing | ❌ |
| `docs/gap-report.md` | Missing | ❌ |
| `docs/course-alignment.md` | Missing | ❌ |
| `docs/course-tree.md` | Missing | ❌ |
| `tests/` with real assertions | Stub: `printf("[PASS]\n")` | ❌ |
| `examples/` ≥ 3 files | 1 stub (2 lines) | ❌ |
| Lean 4 formalization | 5 theorems all `by trivial` (forbidden per §4.3) | ❌ |
| `Makefile` runs tests | Only compiles `.c` → `.o` | ❌ |

#### Lean 4 Violations (§4.3)
`lean/hierarchy.lean` contains:
```lean
theorem AC0_subset_NC1 : True := by trivial
theorem P_subset_PPoly : True := by trivial
theorem parity_not_in_AC0 : True := by trivial
theorem majority_not_in_AC0p (p : Nat) : True := by trivial
theorem NEXP_not_in_ACC0 : True := by trivial
```
All five are **forbidden** — they claim non-trivial theorems but prove `True` with `by trivial`.

#### What's Actually Implemented (in `src/ac0_nc.c`)
The single `.c` file does have real content: circuit evaluation, AC0/NC1/TC0/P-poly builders, depth analysis, Barrington's theorem demo, class inclusion tables, separation results — but it's all crammed into one 593-line file with inline `#include` hacks (the file includes itself multiple times via `#include "ac0nc.h"` mid-file, which is a code smell).

---

What would you like me to do? I can:
1. **Build out this sub-module** to meet the SKILL.md standards — properly structured `include/`, `src/`, `tests/`, `examples/`, `docs/`, and valid Lean 4 formalization
2. **Audit** other sub-modules in the project
3. **Something else** — just let me know
{"event": "round_end", "round": 1, "after": 631, "delta": 0, "exit": 0, "time": 1781516995.6388247}
{"event": "round_start", "round": 2, "before": 631, "time": 1781516995.640611}
{"event": "round_end", "round": 2, "after": 1068, "delta": 437, "exit": -1, "time": 1781517294.5267828}
{"event": "done", "lines": 1068, "readme": false, "time": 1781517294.5292387}
