{"event": "start", "name": "mini-monotone-circuit-lower", "time": 1781516950.1404834}
{"event": "round_start", "round": 1, "before": 580, "time": 1781516950.1425762}
已读取 `SKILL.md`（共 439 行）。这是一份 **"知识优先 · 微型计算理论"** 项目规范文档。核心要点如下：

---

### 双标准原则
| 条件 | 要求 |
|------|------|
| **准入（子模块级）** | 每个 `mini-xxx/` 的 `include/` + `src/` ≥ **3,000 行**（不计 .lean / tests / examples） |
| **完成条件** | L1-L6 **Complete** + L7-L9 **Partial+** |

### 九层知识体系 (L1-L9)
L1 定义 → L2 核心概念 → L3 数学结构 → L4 基本定理 → L5 算法/方法 → L6 经典问题 → L7 应用 → L8 进阶主题 → L9 研究前沿

### 九校课程对标
MIT · Stanford · Berkeley · CMU · Princeton · Caltech · Cambridge · Oxford · ETH 的课程核心交集

### 强制输出物（每个子模块）
`include/`（≥4 .h）、`src/`（≥4 .c + ≥1 .lean）、`tests/`、`examples/`（≥3）、`demos/`、`benches/`、`docs/`（5 份知识文档）

### 禁止行为
凑行数（`_fn1.._fnN` 等模式）、桩代码、空文件、Lean 假证明（`by trivial` / `sorry` / 跨文件复制粘贴）

### 当前目录对应
你当前在 `mini-monotone-circuit-lower/` — 这是 `mini-circuit-complexity/` 下的子模块，需要按上述规范实现 **单调电路下界** 相关内容。

需要我对这个子模块做什么操作？
{"event": "round_end", "round": 1, "after": 580, "delta": 0, "exit": 0, "time": 1781516965.8186228}
{"event": "round_start", "round": 2, "before": 580, "time": 1781516965.8206565}
{"event": "round_end", "round": 2, "after": 1287, "delta": 707, "exit": -1, "time": 1781517264.716053}
{"event": "done", "lines": 1287, "readme": false, "time": 1781517264.718403}
